<?xml version="1.0" encoding="UTF-8"?>
<!-- Generated by org.testng.reporters.JUnitReportReporter -->
<testsuite hostname="DESKTOP-U0SL17S" failures="0" tests="11" name="Apartment.com.apartmentsDataDRiven" time="96.770" errors="1" timestamp="2024-05-29T16:16:17 IST" skipped="0">
  <testcase classname="Apartment.com.apartmentsDataDRiven" name="search" time="1.459"/>
  <testcase classname="Apartment.com.apartmentsDataDRiven" name="insideSearch" time="48.789"/>
  <testcase classname="Apartment.com.apartmentsDataDRiven" name="select" time="27.024"/>
  <testcase classname="Apartment.com.apartmentsDataDRiven" name="photoOfTheHouse" time="3.390"/>
  <testcase classname="Apartment.com.apartmentsDataDRiven" name="closeThePhoto" time="0.113"/>
  <testcase classname="Apartment.com.apartmentsDataDRiven" name="wishlist" time="2.121"/>
  <testcase classname="Apartment.com.apartmentsDataDRiven" name="pricingDetails" time="2.134"/>
  <testcase classname="Apartment.com.apartmentsDataDRiven" name="floorPlanDetails" time="2.164"/>
  <testcase classname="Apartment.com.apartmentsDataDRiven" name="tourFlorPlan" time="0.153"/>
  <testcase classname="Apartment.com.apartmentsDataDRiven" name="customerDetails" time="4.297">
    <error message="element click intercepted: Element &lt;button type=&quot;button&quot; class=&quot;btn dropdownToggle selectpicker btn-default&quot; data-toggle=&quot;dropdown&quot; data-id=&quot;ContactVia&quot; title=&quot;Phone&quot;&gt;...&lt;/button&gt; is not clickable at point (585, 390). Other element would receive the click: &lt;th class=&quot;dow&quot;&gt;...&lt;/th&gt;
  (Session info: MicrosoftEdge=125.0.2535.67)
Build info: version: &#039;4.19.1&#039;, revision: &#039;abe0ee07dc&#039;
System info: os.name: &#039;Windows 10&#039;, os.arch: &#039;amd64&#039;, os.version: &#039;10.0&#039;, java.version: &#039;17.0.7&#039;
Driver info: org.openqa.selenium.edge.EdgeDriver
Command: [3cd674ce8579a449d603ab46d3b027b2, clickElement {id=f.57469FFE46435FE3730817F77315CBF6.d.3C015618CE53EBFF79AC6CE7BCB2E751.e.942}]
Capabilities {acceptInsecureCerts: false, browserName: MicrosoftEdge, browserVersion: 125.0.2535.67, fedcm:accounts: true, ms:edgeOptions: {debuggerAddress: localhost:54217}, msedge: {msedgedriverVersion: 125.0.2535.51 (b1bc6e892654..., userDataDir: C:\Users\Kowshik\AppData\Lo...}, networkConnectionEnabled: false, pageLoadStrategy: normal, platformName: windows, proxy: Proxy(), se:cdp: ws://localhost:54217/devtoo..., se:cdpVersion: 125.0.2535.67, setWindowRect: true, strictFileInteractability: false, timeouts: {implicit: 0, pageLoad: 300000, script: 30000}, unhandledPromptBehavior: dismiss and notify, webauthn:extension:credBlob: true, webauthn:extension:largeBlob: true, webauthn:extension:minPinLength: true, webauthn:extension:prf: true, webauthn:virtualAuthenticators: true}
Element: [[EdgeDriver: MicrosoftEdge on windows (3cd674ce8579a449d603ab46d3b027b2)] -&gt; xpath: //*[@id=&#039;ContactViaContainer&#039;]/div/button]
Session ID: 3cd674ce8579a449d603ab46d3b027b2" type="org.openqa.selenium.ElementClickInterceptedException">
      <![CDATA[org.openqa.selenium.ElementClickInterceptedException: element click intercepted: Element <button type="button" class="btn dropdownToggle selectpicker btn-default" data-toggle="dropdown" data-id="ContactVia" title="Phone">...</button> is not clickable at point (585, 390). Other element would receive the click: <th class="dow">...</th>
  (Session info: MicrosoftEdge=125.0.2535.67)
Build info: version: '4.19.1', revision: 'abe0ee07dc'
System info: os.name: 'Windows 10', os.arch: 'amd64', os.version: '10.0', java.version: '17.0.7'
Driver info: org.openqa.selenium.edge.EdgeDriver
Command: [3cd674ce8579a449d603ab46d3b027b2, clickElement {id=f.57469FFE46435FE3730817F77315CBF6.d.3C015618CE53EBFF79AC6CE7BCB2E751.e.942}]
Capabilities {acceptInsecureCerts: false, browserName: MicrosoftEdge, browserVersion: 125.0.2535.67, fedcm:accounts: true, ms:edgeOptions: {debuggerAddress: localhost:54217}, msedge: {msedgedriverVersion: 125.0.2535.51 (b1bc6e892654..., userDataDir: C:\Users\Kowshik\AppData\Lo...}, networkConnectionEnabled: false, pageLoadStrategy: normal, platformName: windows, proxy: Proxy(), se:cdp: ws://localhost:54217/devtoo..., se:cdpVersion: 125.0.2535.67, setWindowRect: true, strictFileInteractability: false, timeouts: {implicit: 0, pageLoad: 300000, script: 30000}, unhandledPromptBehavior: dismiss and notify, webauthn:extension:credBlob: true, webauthn:extension:largeBlob: true, webauthn:extension:minPinLength: true, webauthn:extension:prf: true, webauthn:virtualAuthenticators: true}
Element: [[EdgeDriver: MicrosoftEdge on windows (3cd674ce8579a449d603ab46d3b027b2)] -> xpath: //*[@id='ContactViaContainer']/div/button]
Session ID: 3cd674ce8579a449d603ab46d3b027b2
at java.base/jdk.internal.reflect.NativeConstructorAccessorImpl.newInstance0(Native Method)
at java.base/jdk.internal.reflect.NativeConstructorAccessorImpl.newInstance(NativeConstructorAccessorImpl.java:77)
at java.base/jdk.internal.reflect.DelegatingConstructorAccessorImpl.newInstance(DelegatingConstructorAccessorImpl.java:45)
at java.base/java.lang.reflect.Constructor.newInstanceWithCaller(Constructor.java:499)
at java.base/java.lang.reflect.Constructor.newInstance(Constructor.java:480)
at org.openqa.selenium.remote.ErrorCodec.decode(ErrorCodec.java:167)
at org.openqa.selenium.remote.codec.w3c.W3CHttpResponseCodec.decode(W3CHttpResponseCodec.java:138)
at org.openqa.selenium.remote.codec.w3c.W3CHttpResponseCodec.decode(W3CHttpResponseCodec.java:50)
at org.openqa.selenium.remote.HttpCommandExecutor.execute(HttpCommandExecutor.java:190)
at org.openqa.selenium.remote.service.DriverCommandExecutor.invokeExecute(DriverCommandExecutor.java:216)
at org.openqa.selenium.remote.service.DriverCommandExecutor.execute(DriverCommandExecutor.java:174)
at org.openqa.selenium.remote.RemoteWebDriver.execute(RemoteWebDriver.java:518)
at org.openqa.selenium.remote.RemoteWebElement.execute(RemoteWebElement.java:223)
at org.openqa.selenium.remote.RemoteWebElement.click(RemoteWebElement.java:76)
at Apartment.com.apartmentsDataDRiven.customerDetails(apartmentsDataDRiven.java:145)
at java.base/jdk.internal.reflect.NativeMethodAccessorImpl.invoke0(Native Method)
at java.base/jdk.internal.reflect.NativeMethodAccessorImpl.invoke(NativeMethodAccessorImpl.java:77)
at java.base/jdk.internal.reflect.DelegatingMethodAccessorImpl.invoke(DelegatingMethodAccessorImpl.java:43)
at java.base/java.lang.reflect.Method.invoke(Method.java:568)
at org.testng.internal.invokers.MethodInvocationHelper.invokeMethod(MethodInvocationHelper.java:141)
at org.testng.internal.invokers.TestInvoker.invokeMethod(TestInvoker.java:686)
at org.testng.internal.invokers.TestInvoker.invokeTestMethod(TestInvoker.java:230)
at org.testng.internal.invokers.MethodRunner.runInSequence(MethodRunner.java:63)
at org.testng.internal.invokers.TestInvoker$MethodInvocationAgent.invoke(TestInvoker.java:992)
at org.testng.internal.invokers.TestInvoker.invokeTestMethods(TestInvoker.java:203)
at org.testng.internal.invokers.TestMethodWorker.invokeTestMethods(TestMethodWorker.java:154)
at org.testng.internal.invokers.TestMethodWorker.run(TestMethodWorker.java:134)
at java.base/java.util.ArrayList.forEach(ArrayList.java:1511)
at org.testng.TestRunner.privateRun(TestRunner.java:739)
at org.testng.TestRunner.run(TestRunner.java:614)
at org.testng.SuiteRunner.runTest(SuiteRunner.java:421)
at org.testng.SuiteRunner.runSequentially(SuiteRunner.java:413)
at org.testng.SuiteRunner.privateRun(SuiteRunner.java:373)
at org.testng.SuiteRunner.run(SuiteRunner.java:312)
at org.testng.SuiteRunnerWorker.runSuite(SuiteRunnerWorker.java:52)
at org.testng.SuiteRunnerWorker.run(SuiteRunnerWorker.java:95)
at org.testng.TestNG.runSuitesSequentially(TestNG.java:1274)
at org.testng.TestNG.runSuitesLocally(TestNG.java:1208)
at org.testng.TestNG.runSuites(TestNG.java:1112)
at org.testng.TestNG.run(TestNG.java:1079)
at org.testng.remote.AbstractRemoteTestNG.run(AbstractRemoteTestNG.java:115)
at org.testng.remote.RemoteTestNG.initAndRun(RemoteTestNG.java:293)
at org.testng.remote.RemoteTestNG.main(RemoteTestNG.java:91)
]]>
    </error>
  </testcase> <!-- customerDetails -->
  <testcase classname="Apartment.com.apartmentsDataDRiven" name="customerDetails" time="5.126"/>
</testsuite> <!-- Apartment.com.apartmentsDataDRiven -->
